==============================================================================
20170205 15:43:52.109 - INFO - + START SUITE: Acceptancetest [ ]
==============================================================================
20170205 15:43:52.897 - INFO - +- START SUITE: Acceptancetest.CSV-JSONConversion [ ]
==============================================================================
20170205 15:43:52.955 - INFO - +-- START TEST: CSV to JSON to CSV Yields Original [ ]
------------------------------------------------------------------------------
20170205 15:43:52.981 - INFO - +--- START KW: OperatingSystem.Get File [ src/test/resources/grades.csv ]
20170205 15:43:53.011 - INFO - ${contents} = "ID","Total","Assignment 1","Assignment 2","Exam 1"
"111278","611","146","128","337"
"111352","867","227","228","412"
"111373","461","96","90","275"
"111305","835","220","217","398"
"111399","898","22...
20170205 15:43:53.019 - INFO - +--- END KW: OperatingSystem.Get File (34)
~~~~~~~~~~~~~~~~~~~~~~~~~~~~~~~~~~~~~~~~~~~~~~~~~~~~~~~~~~~~~~~~~~~~~~~~~~~~~~
20170205 15:43:53.024 - INFO - +--- START KW: keywords.ConverterKeywords.Convert To Json [ ${contents} ]
20170205 15:43:53.067 - INFO - ${json} = {"rowHeaders":["111278","111352","111373","111305","111399","111160","111276","111241"],"data":[[611,146,128,337],[867,227,228,412],[461,96,90,275],[835,220,217,398],[898,226,229,443],[454,77,125,252]...
20170205 15:43:53.077 - INFO - +--- END KW: keywords.ConverterKeywords.Convert To Json (51)
~~~~~~~~~~~~~~~~~~~~~~~~~~~~~~~~~~~~~~~~~~~~~~~~~~~~~~~~~~~~~~~~~~~~~~~~~~~~~~
20170205 15:43:53.082 - INFO - +--- START KW: keywords.ConverterKeywords.Convert To Csv [ ${json} ]
20170205 15:43:53.128 - INFO - ${csv} = "ID","Total","Assignment 1","Assignment 2","Exam 1"
"111278","611","146","128","337"
"111352","867","227","228","412"
"111373","461","96","90","275"
"111305","835","220","217","398"
"111399","898","22...
20170205 15:43:53.139 - INFO - +--- END KW: keywords.ConverterKeywords.Convert To Csv (50)
~~~~~~~~~~~~~~~~~~~~~~~~~~~~~~~~~~~~~~~~~~~~~~~~~~~~~~~~~~~~~~~~~~~~~~~~~~~~~~
20170205 15:43:53.142 - INFO - +--- START KW: BuiltIn.Should Be Equal [ ${contents} | ${csv} ]
20170205 15:43:53.222 - INFO - +--- END KW: BuiltIn.Should Be Equal (73)
------------------------------------------------------------------------------
20170205 15:43:53.235 - INFO - +-- END TEST: CSV to JSON to CSV Yields Original (278)
------------------------------------------------------------------------------
20170205 15:43:53.241 - INFO - +-- START TEST: JSON to CSV to JSON Yields Original [ ]
------------------------------------------------------------------------------
20170205 15:43:53.250 - INFO - +--- START KW: OperatingSystem.Get File [ src/test/resources/grades.json ]
20170205 15:43:53.262 - INFO - ${contents} = {
    "colHeaders":["Total","Assignment 1","Assignment 2","Exam 1"],
    "rowHeaders":["111278","111352","111373","111305","111399","111160","111276","111241"],
    "data":[[611,146,128,337],
        ...
20170205 15:43:53.266 - INFO - +--- END KW: OperatingSystem.Get File (14)
~~~~~~~~~~~~~~~~~~~~~~~~~~~~~~~~~~~~~~~~~~~~~~~~~~~~~~~~~~~~~~~~~~~~~~~~~~~~~~
20170205 15:43:53.268 - INFO - +--- START KW: keywords.ConverterKeywords.Convert To Csv [ ${contents} ]
20170205 15:43:53.278 - INFO - ${csv} = "ID","Total","Assignment 1","Assignment 2","Exam 1"
"111278","611","146","128","337"
"111352","867","227","228","412"
"111373","461","96","90","275"
"111305","835","220","217","398"
"111399","898","22...
20170205 15:43:53.281 - INFO - +--- END KW: keywords.ConverterKeywords.Convert To Csv (13)
~~~~~~~~~~~~~~~~~~~~~~~~~~~~~~~~~~~~~~~~~~~~~~~~~~~~~~~~~~~~~~~~~~~~~~~~~~~~~~
20170205 15:43:53.281 - INFO - +--- START KW: keywords.ConverterKeywords.Convert To Json [ ${csv} ]
20170205 15:43:53.281 - INFO - ${json} = {"rowHeaders":["111278","111352","111373","111305","111399","111160","111276","111241"],"data":[[611,146,128,337],[867,227,228,412],[461,96,90,275],[835,220,217,398],[898,226,229,443],[454,77,125,252]...
20170205 15:43:53.297 - INFO - +--- END KW: keywords.ConverterKeywords.Convert To Json (16)
~~~~~~~~~~~~~~~~~~~~~~~~~~~~~~~~~~~~~~~~~~~~~~~~~~~~~~~~~~~~~~~~~~~~~~~~~~~~~~
20170205 15:43:53.297 - INFO - +--- START KW: keywords.ConverterKeywords.Json Strings Are Equal [ ${contents} | ${json} ]
20170205 15:43:53.313 - INFO - ${same} = True
20170205 15:43:53.313 - INFO - +--- END KW: keywords.ConverterKeywords.Json Strings Are Equal (16)
~~~~~~~~~~~~~~~~~~~~~~~~~~~~~~~~~~~~~~~~~~~~~~~~~~~~~~~~~~~~~~~~~~~~~~~~~~~~~~
20170205 15:43:53.328 - INFO - +--- START KW: BuiltIn.Should Be True [ ${same} ]
20170205 15:43:53.359 - INFO - +--- END KW: BuiltIn.Should Be True (31)
------------------------------------------------------------------------------
20170205 15:43:53.382 - INFO - +-- END TEST: JSON to CSV to JSON Yields Original (138)
------------------------------------------------------------------------------
20170205 15:43:53.501 - INFO - +- END SUITE: Acceptancetest.CSV-JSONConversion (1234)
==============================================================================
20170205 15:43:53.563 - INFO - + END SUITE: Acceptancetest (2594)
==============================================================================
